nohup: ignoring input
Prompt:
You are a professional news writer.
Please evaluate whether the relationship between images and news is complementary based on the following rules and your own domain knowledge:
1. Final evaluation please choose between [Ture, False].
2. The relationship between an image and a news article is complementary meaning that if the image's overall theme and background information are highly related to the news, but the specific event depicted in the image is not mentioned in detail in the article, and the visual information in the image can complement the news story as a whole.

-----------------------------------
Md5: 7b82771736f6efbbf6acb0b7efc02557
Image Ok.

Image: 5b2ba0d7b7b2287c86a80d6a9ba919af.
-----------------------------------
True
-----------------------------------



-----------------------------------
Md5: f56143e27ec1e4a0fe31475245f4a9da
Image Ok.

Image: 78ff31ab5b04e728b5a1471566565135.
-----------------------------------
True.

The image shows officials likely engaged in a formal meeting or signing ceremony, with portraits of a Middle Eastern leader in the background, suggesting a governmental or diplomatic context. The news article discusses various statements and positions related to Middle Eastern peace negotiations, specifically mentioning Egypt, Israel, and Jordan.

Although the specific event depicted in the image is not detailed in the news article, the overall theme of diplomatic efforts and discussions about peace in the Middle East is highly relevant. The visual information of a formal diplomatic setting complements the news story, which is about negotiations and political stances regarding peace agreements. Thus, the image and the news article are complementary as the image provides a visual context that aligns with the subject matter of the article.
-----------------------------------



-----------------------------------
Md5: 218d3d3e63aecf8ca2e3593e0b092520
Image Ok.

Image: 288d09d28c7c6272c09f1148d065815d.
-----------------------------------
True
-----------------------------------



-----------------------------------
Md5: c0ad131ff5ad84196e57f74e8763335c
Image Ok.

Image: cdcaa06f9013762bb29c330c0c310dec.
-----------------------------------
True

Based on the provided rules and domain knowledge, the relationship between the image and the news article can be considered complementary. The image shows a person who is a significant political figure, and although the specific event depicted in the image is not mentioned in the news article, the overall theme of political discussion and diplomacy is highly related to the content of the news. The image supports the news story about high-level political talks and could visually represent the type of individuals involved in such discussions, thereby complementing the news article as a whole.
-----------------------------------



-----------------------------------
Md5: 5b5bc35eb6b9a755ebf29d9e7e199c43
Image Ok.

Image: 4c1f5822a317735a3b6a4551f285daf6.
-----------------------------------
False
-----------------------------------



-----------------------------------
Md5: 87b579605bac4f4b0c837ca7592cbdcb
Image Ok.

Image: e8d66ea0b970400dd328065805c4f00c.
-----------------------------------
True

The image provided appears to be a map segment showing the Gulf of Aqaba, which is highly relevant to the news article discussing the Israeli-Egyptian negotiations over the disputed Taba region near the Gulf of Aqaba. Although the image does not depict a specific event mentioned in the article, it complements the news story by providing a geographical context to the negotiations, which are focused on a territorial dispute in this area. The visual information in the image supports the reader's understanding of the location being discussed and the proximity of the disputed area to the Gulf of Aqaba, thereby enhancing the overall comprehension of the news story.
-----------------------------------



-----------------------------------
Md5: 7ea950478101e7cb5c3b8213c0a84758
Image Ok.

Image: bc531ffcaa53adb7890bdfc068a32161.
-----------------------------------
True

The image depicts a group of leaders who appear to be from different nations, likely gathered for an event related to international relations or a diplomatic meeting. Although the specific event in the image is not detailed in the news article, the overall theme of the image, which suggests international diplomacy and relations in the Middle East, is highly related to the content of the news article. The news article discusses various aspects of Egypt's foreign policy, especially in relation to Israel, the United States, and the broader Middle East peace process. The presence of multiple leaders in the image complements the news story's theme of international diplomacy and Middle Eastern politics. Therefore, the relationship between the image and the news article can be considered complementary.
-----------------------------------



-----------------------------------
Md5: bccebdcdd695078f9d366d52c4b9a218
Image Ok.

Image: e7df6c704fb8914ddf358c07975a5e6a.
-----------------------------------
True

Based on the rules provided and the content of the news article, the relationship between the image and the news events can be considered complementary. The image shows a formal meeting between individuals representing different nations, as indicated by the flags of the United Arab Emirates, Egypt, and Israel. Although the specific event depicted in the image is not detailed in the article, the overall theme of high-level diplomatic discussions and international relations is highly related to the content of the news article, which discusses Egypt's President Abdel Fattah al-Sisi's interactions with international leaders and proposals regarding regional security and cooperation. The visual information in the image complements the news story by providing a context of diplomatic engagement that is relevant to the topics mentioned in the article.
-----------------------------------



-----------------------------------
Md5: b67b9c176bf87707b54b6e903d5d2e8f
Image Ok.

Image: 06adb1df1ea809b0c0bc1663b03eae96.
-----------------------------------
False

The image provided is a map detailing the Exodus route from Lawz to Petra, which includes various locations in Egypt, Israel, and surrounding areas, along with historical and biblical references. The news article discusses diplomatic relations and border disputes between Israel and Egypt, focusing on contemporary political issues rather than historical or biblical events.

While the image and the news article both involve the geographical regions of Israel and Egypt, the content of the image does not directly complement the specifics of the news story, which is about modern diplomatic efforts and territorial disputes rather than historical routes or events. Therefore, the relationship between the image and the news article is not complementary in the context of the rules provided.
-----------------------------------



-----------------------------------
Md5: 35138a70978b83f06c4964ebebf43c46
Image Ok.

Image: 661019114be0a3e5761f5a803d71b2c0.
-----------------------------------
False

The image provided is a cover from the "Palestine-Israel Journal" featuring caricatures of Noam Chomsky and Tony Klug with a theme of discussing the past and future of Israel-Palestine relations. The news article discusses details about the autonomy negotiations involving Israel, Egypt, and the U.S., with specific references to political figures and their involvement in the talks.

While both the image and the news article pertain to the broader context of Israeli affairs and Middle Eastern politics, the image does not specifically complement the detailed events mentioned in the news article. The image is more thematic and general, focusing on a dialogue about Israel-Palestine, whereas the news article is about a specific diplomatic effort and does not mention the individuals depicted in the image or the general theme of reflecting on the past and thinking ahead. Therefore, based on the provided rules and the content, the relationship between the image and the news article is not complementary.
-----------------------------------


