nohup: ignoring input
Prompt:
You are a professional news writer.
Please evaluate whether the relationship between images and news is complementary based on the following rules and your own domain knowledge:
1. Final evaluation please choose between [Ture, False].
2. The relationship between an image and a news article is complementary meaning that if the image's overall theme and background information are highly related to the news, but the specific event depicted in the image is not mentioned in detail in the article, and the visual information in the image can complement the news story as a whole.

-----------------------------------
Md5: ac06a4f738e133aaa1aad5ff38f70d95
Image Ok.

Image: 9a316769a57c12b14a825c8985bbb20a.
-----------------------------------
True

The relationship between the photo and the news events is complementary. The image shows a group of soldiers marching, which visually supports the overall theme of military efforts and the strengthening of armed forces discussed in the news article. Although the specific event depicted in the image is not mentioned in detail in the article, the visual information in the image complements the news story as a whole, which talks about military chiefs seeking to bolster the Iraqi army against the jihadist Islamic State group and mentions the training and arming of the Iraqi government army. The image is consistent with the background information provided in the article regarding military activities and efforts to combat IS.
-----------------------------------



-----------------------------------
Md5: 8fb23013c86e5b5d95c4032d13e99222
Image Ok.

Image: 1f94964df1742207b1895c095b383e12.
-----------------------------------
True

The relationship between the image and the news article is complementary. The image shows Iraqi security forces with a flag of the Islamic State group they captured, which is highly related to the overall theme of the news article discussing the fight against the Islamic State, specifically the Pentagon's announcement of plans to retake Mosul from the Islamic State. Although the specific event depicted in the image (the capturing of the flag during an operation outside Amirli) is not mentioned in detail in the article, the visual information in the image complements the news story as a whole by providing a visual representation of the conflict and the efforts of Iraqi security forces against the Islamic State.
-----------------------------------



-----------------------------------
Md5: a5bdb00ab6195207e17bbaef3fa4827f
Image Ok.

Image: a408162b6a9cfeea64831da5ada8a21a.
-----------------------------------
True.

Based on the rules and domain knowledge, the relationship between the image and the news article is complementary. The image shows armed individuals, one of whom is carrying a flag with Arabic script, suggesting a Middle Eastern militia or military context. This aligns with the overall theme and background information provided in the news article, which discusses the influence of Iran in Iraq, the cooperation between Iranian-backed militias and the Iraqi government, and the role of specific individuals and groups such as the Popular Mobilisation Committee, Saraya al-Khorasani, and Iranian military advisers.

While the specific event depicted in the image is not detailed in the article, the visual information complements the news story as a whole by providing a visual representation of the type of militias and military presence discussed. The image supports the article's narrative about the military and political dynamics in Iraq, the involvement of Iran, and the fight against Islamic State, thereby enhancing the reader's understanding of the situation.
-----------------------------------



-----------------------------------
Md5: ef7b42b3c1ee7bd0ce40b802152f114b
Image Ok.

Image: a408162b6a9cfeea64831da5ada8a21a.
-----------------------------------
True

The relationship between the image and the news article is complementary. The image depicts armed individuals, likely members of a militia, which aligns with the overall theme of the news article discussing the influence of Iran in Iraq, particularly through Iranian-backed militias. The specific event in the image is not detailed in the article, but the visual information complements the news story's discussion of paramilitary groups and their role in Iraq's struggle against ISIS. The presence of the militia in the image, their attire, and the flag they carry all serve to visually represent the kind of Iranian influence and military presence discussed in the article, even though the individuals or the specific event depicted are not mentioned.
-----------------------------------



-----------------------------------
Md5: defeb96e722b664f163533950122a02b
Image Ok.

Image: 241add12c4040e8e1adabe6fd65aff08.
-----------------------------------
True

The relationship between the image and the news article is complementary. The image provides a visual representation of the geographical spread and frequency of attacks attributed to Iran-backed militias in Iraq, which complements the news article's discussion of Iran's role in arming, training, and commanding Shiite militias in Iraq. Although the specific events depicted in the image may not be mentioned in detail in the article, the visual information in the image enhances the understanding of the news story as a whole by showing the impact and extent of the activities of these militias.
-----------------------------------



-----------------------------------
Md5: d14f9bbf0887c6f562d5ae4a51233e8d
Image Ok.

Image: 5c24d1a564680b8b8292b6b0c1c0a6a7.
-----------------------------------
True

The image shows an individual using a sledgehammer to destroy what appears to be a sculpted artifact. Although the specific event depicted in the image is not detailed in the news article, the overall theme of the image is highly related to the news story, which discusses the destruction of cultural heritage and priceless artifacts by Islamic State militants. The visual information in the image complements the news story as a whole by providing a visual representation of the type of destructive acts carried out by the militants, as described in the article.
-----------------------------------



-----------------------------------
Md5: cc929b2c8a7a45cb4c08692e1f8aadd3
Image Ok.

Image: 166e32a65a61e650b1ae0eb229fb30a8.
-----------------------------------
True

The image shows a convoy of military vehicles, which can be associated with the theme of a military operation or offensive. The news article discusses a major offensive to retake Tikrit from the Islamic State, led by Iraqi forces with potential Iranian support and without U.S. airstrike support. Although the specific event depicted in the image is not detailed in the article, the visual information complements the overall news story of a military operation in Iraq. The presence of military vehicles aligns with the context of an offensive operation, making the relationship between the image and the news events complementary.
-----------------------------------



-----------------------------------
Md5: 730a3214b49ba6a8eef31b5cf3cd77fb
Image Ok.

Image: 48eb152c8ee06ab38628e817aab9e7b5.
-----------------------------------
True

The image provided is a map detailing the areas of control and conflict around Tikrit, Iraq, during a period of intense fighting between the Islamic State (IS) and Iraqi forces, which is the focus of the news article. The map complements the news article by visually representing the strategic locations mentioned, such as Tikrit city center, the military bases, and the areas where fighting is occurring. It helps readers to better understand the geographical context of the events described in the article, even though the specific events depicted in the image, such as the exact locations of control and conflict, are not detailed in the article. The visual information in the image supports the overall news story about the military offensive in Tikrit and the involvement of various forces and nations.
-----------------------------------



-----------------------------------
Md5: 3d41f4ab725f0e34afa9186a9ceba83d
Image Ok.

Image: 3bc9230131b9ba9d8b80081d56db88c4.
-----------------------------------
True

The relationship between the photo and the news events is complementary. The image depicts what appears to be military personnel, potentially engaging in operations or signaling victory, which aligns with the theme of military action described in the news article. Although the specific individuals in the photo are not identified and the exact event in the photo is not detailed in the article, the visual information of military personnel in a setting that suggests conflict is highly related to the news story about the offensive against Islamic State militants. The image complements the overall narrative of military cooperation and action in the region, as described in the news events.
-----------------------------------



-----------------------------------
Md5: 278da7967a179193e754b3565119bdd4
Image Ok.

Image: c65afb08002ffcb72d5cfa9c82280989.
-----------------------------------
False
-----------------------------------


