nohup: ignoring input
Prompt:
You are a professional news writer.
Please evaluate whether the relationship between images and news aligns based on the following rules and your own domain knowledge:
1. Final evaluation please choose between [Ture, False].
2. The relationship between an image and a news article is aligned meaning that the information in the image is mentioned in the news article, without requiring all the content of the news to be depicted in the image. As long as the specific events covered in the image are included in the news, it should be considered aligned.

-----------------------------------
Md5: defeb96e722b664f163533950122a02b
Image Ok.

Image: 357078d529cfe2b957dd7d88a62ea9bb.
-----------------------------------
True

The image depicts a group of armed individuals, likely a militia, marching with flags that suggest a connection to a Shiite group. The news article discusses the role of Iran in arming, training, and commanding Shiite militias in Iraq, specifically mentioning the Popular Mobilization Committee and the Badr Corps. The image aligns with the news events as it represents the type of militia activity described in the article, even though the specific individuals or groups in the image are not identified in the text. The overall context of Shiite militia presence and influence in Iraq, as well as their connection to Iran, is relevant to the content of the news article.
-----------------------------------



-----------------------------------
Md5: d14f9bbf0887c6f562d5ae4a51233e8d
Image Ok.

Image: 5644bc500d4a6ce5b656d88ff750a94a.
-----------------------------------
False
-----------------------------------



-----------------------------------
Md5: 730a3214b49ba6a8eef31b5cf3cd77fb
Image Ok.

Image: ff2baf1fe8a2c71b863282c1ca799fd3.
-----------------------------------
True

The image shows armed individuals in a vehicle with an Iraqi flag, which is consistent with the context of the news article describing a military operation involving Iraqi forces and various militia members. The news article mentions Shi'ite and Kurdish militia members joining Iraqi troops, which aligns with the presence of armed individuals that could be part of such forces. The overall theme of a military operation against the Islamic State in Tikrit is captured in the image, making the relationship between the image and the news events aligned.
-----------------------------------



-----------------------------------
Md5: ad252af9407719257fd1ff723dc8ff2f
Image Ok.

Image: 4906b73ec85ccd6574579cdbb61ca8a7.
-----------------------------------
True

The relationship between the photo and the news article is aligned. The image depicts military personnel and vehicles, which is consistent with the news article's description of Iraqi troops engaging in combat with Islamic State extremists south of Tikrit. The specific events covered in the image, which appear to be related to military action, are included in the news article, thus the image and the news content are aligned.
-----------------------------------



-----------------------------------
Md5: 71965d77ed886dcd54c9262c7bae06c1
Image Ok.

Image: e9d495ba65a9db0fb33f203a541b020e.
-----------------------------------
True

The image depicts what appears to be a formation of Iranian-supported militia members, which aligns with the news article's mention of Iranian-supported militias making up the majority of ground forces striking against the Islamic State in Tikrit, Iraq. The specific event covered in the image, which is the presence and involvement of Iranian-supported militias in Iraq, is included in the news article. Therefore, the relationship between the image and the news article is aligned.
-----------------------------------



-----------------------------------
Md5: d2bd3cfd7dfbb278affd19a0026deb6f
Image Ok.

Image: c0daeb19e82de576431c00ccad47a341.
-----------------------------------
False
-----------------------------------



-----------------------------------
Md5: 6b5912523b99524e93d4ac1693956968
Image Ok.

Image: 782afd02e5e6f369741f0f71c2acbb0a.
-----------------------------------
The relationship between the image and the news article is aligned. The image shows armed individuals, likely to be part of the Iraqi forces or the Iranian-backed Shiite militias mentioned in the news article. They are in a desert-like environment, which is consistent with the geography of the region around Tikrit, Iraq. The news article discusses the offensive launched by Iraqi forces with substantial support from Iranian-backed Shiite militias to capture Tikrit from ISIS. The presence of armed fighters in the image corresponds to the specific event of the offensive covered in the news article.

Final evaluation: True
-----------------------------------



-----------------------------------
Md5: 99936217e9a06a54a121c7cf2d7a43e6
Image Ok.

Image: 846228990b7c14801756ffc6b70952fa.
-----------------------------------
True

The image shows troops carrying flags that are commonly associated with Iran-backed militias, which aligns with the news article's discussion of Iranian involvement in the fight against ISIS in Iraq. The news article specifically mentions "
-----------------------------------



-----------------------------------
Md5: 8b20e9ecc1b8e9c1305a80d0db0e1d55
Image Ok.

Image: 8f1d9f238fe52215d41dcbb0e66c2a0d.
-----------------------------------
True

The image shows a group of armed individuals, likely Iraqi forces or allied fighters, in a desert-like environment, which is consistent with the setting described in the news article about the battle against IS in Tikrit, Iraq. The individuals in the image appear to be engaged in a military operation, which aligns with the news article's description of Iraqi forces entering Tikrit and engaging in battles against IS, including the efforts to retake the neighborhood of Qadisiyah. The image does not need to depict all the content of the news to be considered aligned; it suffices that it represents a specific event covered in the news article. Therefore, the relationship between the image and the news article is aligned.
-----------------------------------



-----------------------------------
Md5: fae1ae044e80f1c68fe81ef3e55ba62c
Image Ok.

Image: bb15f97a373497ca8e3dcca17a1aedf5.
-----------------------------------
True

The relationship between the photo and the news events is aligned. The image depicts a military operation, which aligns with the news article's description of the Iraqi forces and militias laying siege to Islamic State (IS) fighters in Tikrit. The article mentions the involvement of Iraqi troops and the support of a U.S.-led coalition, which is relevant to the military activity shown in the image. Additionally, the Defense Minister's optimistic comments about the operation and the increase in military alert status by Iraqi forces against IS in Tikrit are also consistent with the scene of military action in the photo. Furthermore, the mention of Amnesty International making a public statement to AFP fits the context of the ongoing military operation and its potential implications for human rights, which could be indirectly related to the content depicted in the image.
-----------------------------------


