nohup: ignoring input
aligned_text_result
**************************
Prompt:
You are a professional news writer.
Please evaluate whether the relationship between images and news aligns based on the following rules and your own domain knowledge:
1. Final evaluation please choose between [Ture, False].
2. The relationship between an image and a news article is aligned meaning that the information in the image is mentioned in the news article, without requiring all the content of the news to be depicted in the image. As long as the specific events covered in the image are included in the news, it should be considered aligned.
3. Please note that the photo may not provide specific information about the objects, such as the nationality of the soldiers or the armed group they belong to. However, as long as the news article mentions specific information related to the events depicted in the photo, even if this information is not clearly displayed in the picture, we still consider it aligned.

-----------------------------------
Md5: 41fdbcdb86e8ce3057d6998584fdc202
Image Ok.

Image: e97d520507b016a73bfe466484523870.
-----------------------------------
False
-----------------------------------



-----------------------------------
Md5: 30372e8ad02c101e80a46f1f20466b32
Image Ok.

Image: 6246d4c5c907366564410993b4dba939.
-----------------------------------
False

The image shows a document with signatures, including one from "Joseph R. Biden Jr., President of the United States of America" and "Yair Lapid, Prime Minister of the State of Israel," with a date mentioned as "the 14th day of the July, 2022." This image suggests a formal agreement or declaration between the United States and Israel, possibly related to a recent event given the date.

The news article discusses diplomatic efforts and negotiations between Israel and Egypt, with involvement from the United States, regarding a joint declaration of principles and the peace process. It mentions historical figures such as Premier Menachem Begin and Foreign Minister Moshe Dayan, which indicates that the events described in the article are from a different time period than the one suggested by the image.

The content of the image does not align with the events described in the news article, as the article discusses past diplomatic negotiations involving different individuals and a different context than what is suggested by the image. The image does not depict or reference the specific events, negotiations, or individuals mentioned in the article. Therefore, based on the provided information and the rules for evaluation, the relationship between the image and the news article is not aligned.
-----------------------------------



-----------------------------------
Md5: 5b5bc35eb6b9a755ebf29d9e7e199c43
Image Ok.

Image: 12d55f8a713203dc47ddcff261c6a422.
-----------------------------------
False.

The image depicts a friendly handshake between two individuals, likely in a context related to diplomatic or political events. However, the news article speaks about an impasse in peace talks, lack of direct negotiations, and issues surrounding the negotiations process between Israel and Egypt, as well as positions on the Palestinian issue and the future of the West Bank. The image does not specifically reflect the content of the news article, which focuses on the challenges and positions in the peace talks rather than a scene of agreement or negotiation. Therefore, the relationship between this image and the news article is not aligned based on the provided rules and domain knowledge.
-----------------------------------



-----------------------------------
Md5: 746c64ca657d52c93f0ede23d29b1d34
Image Ok.

Image: f37823e7548a5f93285e4f822d2a3dce.
-----------------------------------
True
-----------------------------------



-----------------------------------
Md5: 561d43207bd6a2e831817dc8009e0e26
Image Ok.

Image: 963ead71b84696e7430f1d8fe38e041b.
-----------------------------------
False.

The image provided is a handwritten note that does not directly depict or relate to the specific events mentioned in the news article. The content of the note is not visible or discernible from the image, and therefore we cannot confirm that it is related to the meetings or the individuals mentioned in the news summaries. The news article discusses a series of political meetings and negotiations, while the image shows a document that could be unrelated without further context. Therefore, based on the information provided, the relationship between the image and the news article cannot be considered aligned.
-----------------------------------



-----------------------------------
Md5: bccebdcdd695078f9d366d52c4b9a218
Image Ok.

Image: ec53afd44af240bf55e1e1195c7dfafd.
-----------------------------------
True

The image features Egyptian President Abdel Fattah al-Sisi, which aligns with the news article's focus on his activities and statements regarding the Sharm el-Sheikh conference, his interactions with international leaders including discussions with Prime Minister Benjamin Netanyahu, and his plans for Egypt's future. The specific events covered in the image, which is President al-Sisi presumably giving a speech or making a statement, are included in the news article, as it discusses his role and statements at the conference and his political maneuvers. Therefore, the relationship between the image and the news article is aligned.
-----------------------------------



-----------------------------------
Md5: eb89cf6931614bdb8d496f7bdc998b16
Image Ok.

Image: beb22411bf40c85d46f4226eacd295a0.
-----------------------------------
True.

The image depicts two individuals engaged in a discussion, seated in a formal setting with the flag of Egypt visible in the background. The news article discusses a meeting involving regional leaders, including the Egyptian president, to discuss the Palestinian situation and Israeli-Palestinian peace. The presence of the Egyptian flag and the formal setting of the image align with the context of a major Egyptian investment summit mentioned in the news article where such discussions could take place. Additionally, the article mentions Egyptian President Abdel Fattah el-Sisi's involvement in the peace process and his open stance towards creative solutions, which is consistent with the type of high-level meeting portrayed in the image. Therefore, the image and the news article are aligned in terms of the events they depict.
-----------------------------------



-----------------------------------
Md5: f617ce801164621dc99c23fa09656393
Image Ok.

Image: ef13f6ae97b367a636e0c8f8565fba71.
-----------------------------------
False
-----------------------------------



-----------------------------------
Md5: fd7282e0e842c28ec05dd6539177e607
Image Ok.

Image: 2aa6426fb7ce4a1ebcb7940b9b926a71.
-----------------------------------
False
-----------------------------------



-----------------------------------
Md5: c158ce30941834daa21d0aef7bb8f86f
Image Ok.

Image: 29372c52244ca2dba5d25aecc5c5a987.
-----------------------------------
True

The image depicts a historic handshake that is related to the Israel-Egypt peace treaty. The news article discusses the fifth anniversary of the signing of the Israel-Egypt peace treaty and mentions the current and past interactions between Israeli and Egyptian officials. The handshake in the image symbolizes the peace treaty mentioned in the article, and although the image may not be from the exact anniversary being referenced, the subject matter is directly related to the content of the news article. Therefore, the relationship between the image and the news article is aligned.
-----------------------------------



-----------------------------------
Md5: fee9eabf4d3de7c617226ddbf718d069
Image Ok.

Image: eed27e52cd3cc5952c98b3dc2222faf4.
-----------------------------------
True

The relationship between the image and the news article is aligned. The image depicts a historic moment relevant to the news article, which discusses the 10th anniversary of the peace treaty between Israel and Egypt. The image is likely from the time of the signing of the Camp David Accords, showing key figures involved in the peace process. The article mentions Menachem Begin, one of the architects of the peace treaty, and the image appears to include him. Although the image does not show the current state of affairs or the specific events mentioned in the article, it is still relevant to the overall topic of the peace treaty and its anniversary.
-----------------------------------



-----------------------------------
Md5: bb1886b1132b22c4ba76ff92ae72fec5
Image Ok.

Image: 4cdc3c5270b04db4ef31e032bdebe933.
-----------------------------------
False

The news article discusses the visit of Joseph Sisco, the U.S. Assistant Secretary of State for Near Eastern Affairs, to Israel, Cairo, and other Arab capitals in a historical context, specifically mentioning events around the time of the June 1967 Arab-Israeli war and subsequent diplomatic engagements. The image, however, shows a gathering labeled "The Negev Forum" with a date of 27 June 2022, which is not related to the historical events described in the article. There is no mention of the Negev Forum or any event in June 2022 in the news article, indicating that the image and the news content are not aligned.
-----------------------------------



-----------------------------------
Md5: 859fc96157484e73268e105e6222ce53
Image Ok.

Image: e89f401f4e71e8811bfbc91b74043fdb.
-----------------------------------
False
-----------------------------------



-----------------------------------
Md5: 8bd851030e9ff5342aed1da504b35fde
Image Ok.

Image: 67ce3d6b5eb1bdfd6897b7b4af66bc5d.
-----------------------------------
False.

The image provided does not align with the events described in the news article. The article discusses Hamas's military training camps and the recruitment of young Palestinian males for military purposes, including the use of weapons and indoctrination with the goal of eliminating Israel. The image, however, shows a smiling individual, who appears to be a young woman, with a headscarf, being shown or assisted with a weapon by a man in civilian clothing. There is no clear indication that this image is directly related to the Hamas military training camps or the specific events of recruitment and training of young males as described in the article. The context of the image appears to be different, and it does not depict the military training or the atmosphere of the camps mentioned in the news article.
-----------------------------------



-----------------------------------
Md5: 1147a3bc1ce3254725724cb0f325a026
Image Ok.

Image: 34a2c3d5562f597bba1fb86daf27eb5d.
-----------------------------------
True

The image shows a gathering of individuals, some of whom are masked and wearing headbands with insignia, which is consistent with the types of images associated with protests or militant groups. The news article discusses Hamas, which is the ruling entity in Gaza, and their response to the Egyptian court's decision, as well as the situation in Gaza including protests, the closure of borders, and the hardships faced by the residents. Although the image does not specify the nationality of the individuals or the group they belong to, it aligns with the events mentioned in the news article, such as the call for protests against the Egyptian government by Hamas. Therefore, the relationship between the image and the news article is aligned based on the provided rules and information.
-----------------------------------



-----------------------------------
Md5: e75f98ff318f31625f336754178ead15
Image Ok.

Image: 933cc5be5944e3eeff1e3466b95b9192.
-----------------------------------
False
-----------------------------------



-----------------------------------
Md5: 1f0e4d4b9a482d420b9132fac02e5bf7
Image Ok.

Image: 964723194307128f3602432fc370dd1b.
-----------------------------------
True

The image shows an individual in a tunnel, which aligns with the news article's mention of the threat posed by tunnels dug under the Gaza Strip leading into Israeli territory. The news discusses Operation Protective Edge, during which such tunnels were exposed and demolished. The article also references the preparation of the Iran-backed Islamic Jihad group for the next conflict with Israel, which could include activities in tunnels similar to the one depicted. Therefore, the image is relevant to the events described in the news article.
-----------------------------------



-----------------------------------
Md5: 1a2b935d1ec37739114723461657e368
Image Ok.

Image: 2fde120ee42d24d4596254a6ae6620f5.
-----------------------------------
False
-----------------------------------



-----------------------------------
Md5: aebfa48327a5884a5951831c401a6003
Image Ok.

Image: c97296bab1abd2de537c5199a3dddc4a.
-----------------------------------
True

The image shows a man, presumably Iyad al-Bozum based on the context provided, speaking at a news conference with multiple microphones from various news agencies in front of him. This aligns with the news article's mention of the Hamas spokesman Iyad al-Bozum accusing members of the former security establishment in Gaza of causing violence and chaos. The news article details a press conference where al-Bozum made these accusations and presented evidence, which is consistent with what the image depicts—a spokesman addressing the media. Therefore, the relationship between the image and the news article is aligned.
-----------------------------------



-----------------------------------
Md5: ff68d773893f64644c090323a5899508
Image Ok.

Image: f29c6898a3f59af2dffe17a6ef49c6b3.
-----------------------------------
False

Based on the information provided, the image does not appear to be directly related to the specific events mentioned in the news article. The news article discusses the tensions between Hamas and Fatah, accusations of bombings, the political situation affecting the reconstruction of Gaza, and the import of building materials. The image, on the other hand, shows a close-up of an individual who is not mentioned or referenced in the article summary. There is no context in the image that aligns it with the events described in the article, such as the bombings, political accusations, or reconstruction efforts. Therefore, the relationship between the image and the news article is not aligned.
-----------------------------------



-----------------------------------
Md5: 10ab08711c0b716089213648e6152698
Image Ok.

Image: 220b26bdafc4c445ca9c35fa8cd64ec2.
-----------------------------------
False

The news article discusses the reactions of Israeli officials to the 15-point program adopted by the Palestine National Council in Cairo, focusing on the political stance and statements made by individuals such as Premier Yitzhak Rabin and Foreign Minister Yigal Allon. The article also delves into the implications of the program for Israeli-Palestinian relations and the broader Middle East peace process.

The image provided shows a group of individuals seated at a table with Israeli flags, which suggests a formal meeting or gathering, likely of Israeli officials or politicians. However, without specific context or identifying information about the individuals in the image, it is not possible to determine if the image directly relates to the events mentioned in the news article, such as the reactions to the PLO's 15-point program or the political analysis of the situation.

Based on the rules provided and the content of the news article, the relationship between the image and the news article cannot be confirmed as aligned, as the image does not specifically depict the events or individuals mentioned in the article. Therefore, the final evaluation is False.
-----------------------------------



-----------------------------------
Md5: 10233cb709f793f91b6ad87a192b5922
Image Ok.

Image: 394450ca88a5ebf4e94f285b47e25865.
-----------------------------------
False
-----------------------------------



-----------------------------------
Md5: 5ff662c6d93f1ce782a8619551c3fc00
Image Ok.

Image: 1a74b2ef54e05905d94d496fb68bf9d0.
-----------------------------------
True

The relationship between the image and the news article is aligned. The image features a figure who appears to be a political or spiritual leader surrounded by individuals in camouflage attire, which can be interpreted as a representation of a militant or political group. The news article discusses statements made by Khaled Mashal, the political leader of Hamas, which is a Palestinian militant group. The content of the news article is focused on Mashal's condemnation of Israeli actions, his perspective on the conflict, and his assertions regarding Hamas' intentions and ideology. Although the image does not provide specific information about the individuals or the context, it is related to the subject matter of the news article, which covers events and statements associated with Hamas and its leadership. Therefore, based on the provided rules and my domain knowledge, the image and the news article are considered aligned.
-----------------------------------



-----------------------------------
Md5: defeb96e722b664f163533950122a02b
Image Ok.

Image: 357078d529cfe2b957dd7d88a62ea9bb.
-----------------------------------
True
-----------------------------------



-----------------------------------
Md5: d14f9bbf0887c6f562d5ae4a51233e8d
Image Ok.

Image: 5644bc500d4a6ce5b656d88ff750a94a.
-----------------------------------
True
-----------------------------------



-----------------------------------
Md5: 730a3214b49ba6a8eef31b5cf3cd77fb
Image Ok.

Image: ff2baf1fe8a2c71b863282c1ca799fd3.
-----------------------------------
True

The image shows armed individuals in a vehicle with a camouflage pattern and an Iraqi flag, which aligns with the news article's description of an Iraqi coalition battling toward Tikrit against Islamic State forces. The context of military activity is consistent with the reported offensive, involving Iraqi troops and various militia members. Although the image does not specify the nationality or group affiliation of the soldiers, nor does it show the specific events such as the suicide attack or the involvement of Iranian forces, it still represents the broader military campaign that is the subject of the news article. Therefore, the relationship between the image and the news article is aligned.
-----------------------------------



-----------------------------------
Md5: ad252af9407719257fd1ff723dc8ff2f
Image Ok.

Image: 4906b73ec85ccd6574579cdbb61ca8a7.
-----------------------------------
True.

The image shows a group of soldiers in a desert environment engaged in military activity, with a rocket being launched from a vehicle-mounted launcher. This aligns with the news article's description of Iraqi troops fighting Islamic State extremists south of Tikrit, where the offensive was slowed by roadside bombs. The presence of military vehicles and the active engagement of the troops in the image is consistent with the news of fierce clashes and the shelling of terrorist bases mentioned in the article. Although the image does not specifically confirm the presence of Iranian-backed militias, Sunni tribal fighters, or the involvement of General Qassem Soleimani, the overall scene of military action is in line with the described events of the offensive against the Islamic State group near Tikrit.
-----------------------------------



-----------------------------------
Md5: 71965d77ed886dcd54c9262c7bae06c1
Image Ok.

Image: e9d495ba65a9db0fb33f203a541b020e.
-----------------------------------
True

The relationship between the photo and the news article is aligned. The image shows a group of soldiers in uniform, which is consistent with the news article's discussion of Iranian-supported militias and Iraqi Security Forces. Although the image does not explicitly reveal the nationality or the specific group these soldiers belong to, the article provides context about the involvement of Iranian-supported Shi'a militias in the fight against the Islamic State in Tikrit. The content of the image is mentioned in the news article, fulfilling the criteria for alignment as per the provided rules.
-----------------------------------



-----------------------------------
Md5: 6b5912523b99524e93d4ac1693956968
Image Ok.

Image: 782afd02e5e6f369741f0f71c2acbb0a.
-----------------------------------
True

The image depicts armed individuals in a desert environment, which aligns with the news article's description of Iraqi forces and Iranian-backed Shiite militias launching an offensive in Tikrit, Iraq. The presence of military personnel in the image is consistent with the news article's mention of a substantial number of fighters, including Shiite militiamen and advisers from the IRGC. Although the image does not specify the nationality or group affiliation of the soldiers, the context provided by the news article allows for the conclusion that the events depicted in the photo are included in the news coverage. Therefore, the relationship between the image and the news article is aligned.
-----------------------------------



-----------------------------------
Md5: 99936217e9a06a54a121c7cf2d7a43e6
Image Ok.

Image: 846228990b7c14801756ffc6b70952fa.
-----------------------------------
True

The relationship between the photo and the news article is aligned. The image shows a group of soldiers marching with various flags, including the flag of Iraq. The news article discusses the involvement of Iranian fighters and Iranian-backed Shiite militia in the fight against ISIS in Iraq, particularly in areas such as Tikrit, which is Saddam Hussein's hometown. Although the image does not explicitly show Iranian soldiers or the specific battles mentioned, it is related to the overall context of the news article, which is the involvement of Iran and Iranian-backed forces in the conflict in Iraq. The presence of military personnel and flags in the image is consistent with the discussion of military operations and alliances in the news article.
-----------------------------------



-----------------------------------
Md5: 8b20e9ecc1b8e9c1305a80d0db0e1d55
Image Ok.

Image: 8f1d9f238fe52215d41dcbb0e66c2a0d.
-----------------------------------
True

The image shows armed individuals, presumably Iraqi forces or allied fighters, in a desert-like environment, which is consistent with the setting described in the news article about the battle for Tikrit, Iraq. The individuals in the image appear to be engaged in a military operation, which aligns with the news article's description of Iraqi forces entering Tikrit and facing bombs and sniper fire from jihadists. The image does not need to display all the content of the news to be considered aligned; it is sufficient that it depicts a specific event mentioned in the news article. The news article discusses the battle in Tikrit, including the challenges faced by government forces such as booby-trapped terrain and sniper fire, which can be inferred to be relevant to the situation depicted in the image. Therefore, the relationship between the image and the news article is aligned.
-----------------------------------



-----------------------------------
Md5: fae1ae044e80f1c68fe81ef3e55ba62c
Image Ok.

Image: bb15f97a373497ca8e3dcca17a1aedf5.
-----------------------------------
True.

The image shows a military rocket launcher firing a missile, which is consistent with the context of the news article discussing the siege and military operations against jihadist fighters in Tikrit, Iraq. The presence of military personnel and equipment in the image aligns with the article's descriptions of Iraqi troops and militiamen engaging in combat, wary of bombs and snipers, and moving into the second phase of their plan to retake Tikrit from the Islamic State (IS) group. Although the image does not specify the location or the nationality of the soldiers, it is representative of the type of military action described in the article.
-----------------------------------



-----------------------------------
Md5: 5386f46d40b275ce401fdb04cdaabbe1
Image Ok.

Image: b2365ebcea52f3a8ef83352e56b03dc0.
-----------------------------------
True

The relationship between the image and the news article is aligned. The image shows Qassem Soleimani, who is mentioned throughout the news article as a key figure providing assistance and advice to Iraqi forces, specifically in their operations against the Islamic State (IS). The news article discusses Soleimani's role and presence in Iraq, which is consistent with the depiction in the image. The specific events covered in the image, which is Soleimani's involvement, are included in the news article, fulfilling the criteria for alignment as per the provided rules.
-----------------------------------



-----------------------------------
Md5: 3ffdda6361cb6ae1f49dbb34d6025076
Image Ok.

Image: 14e168aa8c91e251227c197af40b76cd.
-----------------------------------
True

The image appears to show Iraqi President Fouad Massoum, and the news article discusses statements made by him regarding U.S.-led coalition air strikes against Islamic State in Tikrit. The content of the image is directly related to the news article, as it covers the specific events and statements made by the individual depicted.
-----------------------------------



-----------------------------------
Md5: fccdf9bbc2d46ed14992498b072b77aa
Image Ok.

Image: c73e946412ba65f8e49533abee13f58c.
-----------------------------------
False
-----------------------------------



-----------------------------------
Md5: bcdc42b6064236114fa49c5c39227d5f
Image Ok.

Image: 48e5e9aeb4c741cec847a0262634c501.
-----------------------------------
True

The image depicts a group of armed forces, which aligns with the news article's description of Iraqi special forces and allied Shi'ite paramilitary groups, known as Hashid Shaabi, advancing on central Tikrit with the support of U.S.-led coalition planes. The specific events covered in the image, such as the presence of military personnel, are included in the news article, even though the image does not provide specific information about the nationality or the armed group they belong to. The news article provides context to the events depicted in the photo, such as the offensive against Islamic State militants and the involvement of different military groups and coalitions.
-----------------------------------



-----------------------------------
Md5: a20137983afcb9cef7f0bcfbd16f90d9
Image Ok.

Image: 1f7cbb2d76c8cf7831a730926de12319.
-----------------------------------
True

The image appears to be of Speaker John Boehner, and the news article discusses his recent travels and meetings, including his visit to Baghdad to meet with Iraqi leaders. The information in the image aligns with the specific events covered in the news article, as it mentions Speaker Boehner's activities and statements. Therefore, the relationship between the image and the news article is aligned.
-----------------------------------



-----------------------------------
Md5: 0342b2687d9fb9120f23f72cf3b84460
Image Ok.

Image: a2e4a5b46eea7a23675e00283cb471b6.
-----------------------------------
True

The image shows two individuals engaged in a discussion, seated across from each other with the United Nations and Iraqi flags in the background, suggesting a formal meeting context. The news article discusses UN Secretary-General Ban Ki-moon's visit to Baghdad for talks with Iraqi Prime Minister Haidar al-Abadi and other senior officials. The image aligns with the news article, as it likely depicts Ban Ki-moon during his visit to Baghdad, which is the central event reported in the news. The specific discussions about political and security developments in Iraq, as well as UN support for Iraq, are topics that would be consistent with such a meeting. Therefore, the image and the news article are aligned in context and content.
-----------------------------------



-----------------------------------
Md5: f40a1ab0d4d95e83fa4954794dcd7c50
Image Ok.

Image: 75f3f379741de3ea0695029aba4043d8.
-----------------------------------
True.

The image shows a group of soldiers with the Iraqi flag, which suggests they are Iraqi Security Forces or affiliated groups. The soldiers are making celebratory gestures, which aligns with the news of the liberation of Tikrit from ISIS. The news article mentions the Iraqi Security Forces and the "popular volunteers," which could include the individuals depicted in the image. The image is consistent with the type of scenes expected following a military victory, such as the one described in the article. Therefore, the relationship between the image and the news article is aligned.
-----------------------------------



-----------------------------------
Md5: bac9b02aacc54f59e356f7e9126272a8
Image Ok.

Image: 61fcd7fac10aae52b26a5d731837317c.
-----------------------------------
False.

The image depicts a historical moment where a delegate is holding up an object during a session, which is likely a United Nations meeting given the context and the signage that reads "UNITED STATES". However, the news article discusses the issue of Soviet anti-Semitism and the efforts by Henry Cabot Lodge, Jr. and Ambassador Abba Eban to address this issue at the United Nations General Assembly. There is no mention in the article of the specific event shown in the image, such as the object being held up by the delegate or the context of that action. Therefore, the image does not align with the specific events covered in the news article as per the rules provided.
-----------------------------------



-----------------------------------
Md5: ef434896c9b6b9ebb71100ad2e2571d7
Image Ok.

Image: 57584422ba79a10c59c36d937c1b1b9f.
-----------------------------------
True

Based on the provided rules and the information given, the relationship between the photo and the news article is aligned. The image depicts what appears to be a meeting or assembly, which is consistent with the description of the U.N. Security Council's vote regarding the admission of Israel to the United Nations. While the photo does not provide specific details such as the nationality of the individuals or the exact resolution being voted on, it is representative of the type of setting where such a diplomatic event would occur. The news article discusses the outcome of the vote and the positions of various parties, including Britain's abstention and Egypt's negative vote, as well as comments from Israel's representative at the U.N., all of which are related to the type of event shown in the image.
-----------------------------------



-----------------------------------
Md5: 92b73a52383513dcf78966fef8d70c9d
Image Ok.

Image: f4fc89cccab7c7a2c22cacb29e19bf38.
-----------------------------------
False

The image shows a voting board from a United Nations assembly, displaying the results of a vote on "Israeli practices affecting the human rights of the Palestinian people in the Occupied Palestinian Territory, including East Jerusalem." The image shows a list of countries with marks indicating whether they voted in favor, against, or abstained from the resolution.

The news article discusses the reaction of the Israeli government and opposition to a UN Security Council resolution calling for the dismantling of Jewish settlements in the occupied territories and Jerusalem. The article also covers various political statements and positions from Israeli leaders regarding the resolution and the broader issue of settlements.

The image does not directly correlate with the specific UN Security Council resolution mentioned in the news article, nor does it provide information about the resolution's content or the context of the political statements made by Israeli leaders. The image is related to the broader topic of UN resolutions concerning Israel and the Palestinian territories, but it does not specifically align with the events described in the news article, which are about a particular resolution and the responses to it within the Israeli political sphere.
-----------------------------------



-----------------------------------
Md5: 23021ca571f435180853915a3082a61a
Image Ok.

Image: 253daa03e09e7ec0c2f54b609de28698.
-----------------------------------
False

The news article discusses a historical debate at the United Nations Commission on Human Rights regarding the inclusion of anti-Semitism in a draft convention on the elimination of religious intolerance. It details the positions of the United States, Israel, and the Soviet Union on this matter.

The image shows a crowd of people with various signs and flags, including the flags of Israel and Ukraine. The presence of the Israeli flag might suggest a connection to the topic of anti-Semitism; however, the context of the image appears to be a demonstration or gathering, potentially related to a contemporary event, rather than a historical debate at the UN.

The image does not depict the specific events covered in the news article, such as the UN Commission session or the representatives involved in the debate. Therefore, the image and the news article are not aligned according to the provided rules and domain knowledge.
-----------------------------------



-----------------------------------
Md5: 6fe8c6318b4fab0ddbbddd4c7bb5b9ac
Image Ok.

Image: b81432405b33f5f345bf67c6531b023b.
-----------------------------------
False.

The image provided displays the voting results for a United Nations resolution regarding assistance to Palestinian refugees and the United Nations Relief and Works Agency for Palestine Refugees in the Near East. The date on the image is 11/4/2020, and it shows a vote count with 153 in favor, 2 against, and 12 abstentions.

The news article discusses U.N. Security Council Resolution 280 and the reactions to it, particularly in the context of its language about Jerusalem and the peace process following an incident in Hebron. The article does not mention a resolution specifically about assistance to Palestinian refugees or the UNRWA, nor does it reference the specific vote count or the date provided in the image.

Since the content of the image does not match the specific events covered in the news article, the relationship between the image and the news article is not aligned.
-----------------------------------



-----------------------------------
Md5: 3942c4a1c28f7541d63982df8a664148
Image Ok.

Image: d65a295cc47661bc34bd605874bf1f66.
-----------------------------------
True

The relationship between the image and the news article is aligned. The image shows the flags of the United States and Israel, symbolizing the relationship between the two nations. The news article discusses the United States' decision to refrain from speaking at a United Nations discussion about human rights violations in the Palestinian territories, a move done in support of Israel. The image is relevant to the news as it visually represents the political alliance and support the US has for Israel, which is a central theme in the article.
-----------------------------------



-----------------------------------
Md5: aa457de32f90c1fe5bd5e3e39981e3f9
Image Ok.

Image: 57f0517a3e3a1c213f97403f3b4ce259.
-----------------------------------
True.

The image shows a voting result screen from a UN Human Rights Council session with a list of countries and their respective votes on an item related to "Violations of international law in the context of large-scale civilian protests in the Occupied Palestinian Territory, including East Jerusalem." This is directly related to the news article, which discusses the United States' decision not to speak at the UN human rights forum during the annual debate on violations committed in the Palestinian territories. The image is relevant as it provides visual evidence of a UN session where such discussions and decisions are taking place, which is the context of the news article. Therefore, the relationship between the image and the news article is aligned.
-----------------------------------



-----------------------------------
Md5: 32bd9d9707ad8ef9cce00b9babc4629d
Image Ok.

Image: 1d6f97a4ab634ef6ae5ba8bd4de6c06b.
-----------------------------------
False
-----------------------------------



-----------------------------------
Md5: c4b01f0d27af5c87205ed5fc8f419bec
Image Ok.

Image: 02fa5c04a58b120d381f29953fb15567.
-----------------------------------
True.

The relationship between the photo and the news article is aligned. The image shows a delegate with a nameplate of "ISRAEL" at what appears to be a session of the United Nations. The news article discusses the United States' support for a United Nations Security Council resolution condemning Israel for its attack on terrorist bases inside Jordan, and the reactions to this resolution from various parties, including Israeli officials. The specific events covered in the image, which is the involvement of Israel in a UN context, are included in the news article, making the image and the news content aligned.
-----------------------------------



-----------------------------------
Md5: 350ce9fa68fcb41c6733762cba2413a2
Image Ok.

Image: daf0a5c378170862ca4a0084a4e2fd07.
-----------------------------------
False.

The news article discusses the tension between Arab countries and Israel, the involvement of the United States, Britain, and France in discussions to ease this tension, and specific details regarding the Arab-Israel crisis, including the role of the Soviet delegate in the United Nations Security Council and the movements of the Israeli Minister Plenipotentiary.

The image shows three individuals standing in front of the flags of the United States, an Arab country, and Israel, which suggests a diplomatic event or meeting involving these nations. However, the article does not mention any specific event that includes these three figures or a ceremony that the image could be depicting. Therefore, the image does not directly align with the specific events or discussions mentioned in the news article.
-----------------------------------



-----------------------------------
Md5: e3e1667e934935529483c68dcf17bc3c
Image Ok.

Image: a9d2ef23e296fd8721d422eeb11888d5.
-----------------------------------
False.

The news article discusses historical events involving Major General Carl C. von Horn, Chief of Staff of the United Nations Truce Supervision Organization, and issues related to the Syrian-Israeli conflict, including a boycott of the Mixed Armistice Commission and a draft resolution by Israel concerning Syrian actions.

The image provided shows a person speaking at the United Nations, but there is no evidence in the image that connects it to the specific historical events or individuals mentioned in the news article. The person in the image is not identified as Major General Carl C. von Horn or related to the specific events described. Therefore, based on the information provided and the rules for evaluation, the relationship between the image and the news article is not aligned.
-----------------------------------



-----------------------------------
Md5: 1aa94ef710e6a3349261a2fec419f14a
Image Ok.

Image: ebdb5d8a8ad7359f1afcfbd2c4e85e0e.
-----------------------------------
True

The image depicts a meeting at the United Nations Security Council, which aligns with the news article's subject matter concerning the reaction to a United Nations Security Council resolution. The news article discusses the disappointment and concern of the Conference of Presidents of Major American Jewish Organizations regarding a specific UN Security Council resolution about Israel and Syria, which is the type of event that would be discussed in such a setting. Therefore, the image is relevant to the news article as it visually represents the type of venue where such resolutions and discussions would take place.
-----------------------------------



-----------------------------------
Md5: 840bf306da3737277aff69d139c738f1
Image Ok.

Image: 31c0bc206950dff8261046d43b021e2d.
-----------------------------------
True
-----------------------------------



-----------------------------------
Md5: f6d13c6340337c8a47d045289e14ac37
Image Ok.

Image: 7a8ddf522238e0ea17fd6a808e87212d.
-----------------------------------
True

The image appears to show an individual speaking at a podium, and based on the context provided by the news article, it is reasonable to infer that the individual could be the Supreme Leader of the Islamic Revolution addressing the graduation ceremony of the Islamic Revolution Guards Corps, as mentioned in the news article. The specific events covered in the image, such as the speech, are included in the news, making the relationship between the image and the news article aligned.
-----------------------------------



-----------------------------------
Md5: d437acdce84ab362f845c671229e09a1
Image Ok.

Image: a2839179f06802428868f6416250d78d.
-----------------------------------
False
-----------------------------------



-----------------------------------
Md5: 0a8852dc58e3e0e743ff51afd54e79d8
Image Ok.

Image: 777eb2542accf7f8d62230f71119b9a5.
-----------------------------------
False

The image provided does not appear to be related to the content of the news article, which discusses the UN atomic watchdog's call for Iran to cooperate in a probe into nuclear weapons activity. The image does not depict anything related to the International Atomic Energy Agency, nuclear weapons, or any individuals or symbols associated with the topics mentioned in the news article. Therefore, the relationship between this image and the news article is not aligned.
-----------------------------------



-----------------------------------
Md5: 982cf58df0871f5a89810ac4cb9bf82c
Image Ok.

Image: 81e5f4ef2465cd11a2737614d52f07db.
-----------------------------------
False

The image provided shows a voting result related to a draft resolution on the situation of human rights in the Islamic Republic of Iran, with countries listed under categories of "IN FAVOUR," "AGAINST," and "ABSTENTION." The date on the image is December 19, 2017.

The news article discusses a report by United Nations monitors regarding Iran's compliance and violations of Security Council sanctions, particularly in relation to its nuclear activities and the travel of General Qassem Suleimani. The article also touches on ongoing negotiations for a permanent nuclear deal and the contention surrounding the lifting of sanctions.

The image does not align with the news article because it pertains to a human rights resolution vote rather than the specific sanctions, nuclear activities, or negotiations mentioned in the news article. The content of the image is not mentioned in the news article, and it does not depict any of the specific events or subjects covered in the article.
-----------------------------------



-----------------------------------
Md5: a648e8a6a69a24ee7086b22ed9cc5499
Image Ok.

Image: 60864712a6a49bced43d943c999af56e.
-----------------------------------
False

The news article discusses the UN experts' report on the lack of reported violations of an arms embargo against Iran, the possible political reasons behind the reduction in reporting, and specific instances related to Iran's activities, such as Maj. Gen. Ghasem Soleimani's travels and Iran's attempts to procure materials for its nuclear program. It also mentions Iran sending arms to Iraq and Yemen.

The image shows a missile being launched from a mobile launch platform. The image does not provide specific information about the missile, its origin, or its destination. There is no direct reference in the news article to a specific missile launch or similar event that the image could represent. The article does discuss arms shipments and Iran's military activities, but without more context or a direct link to the events mentioned in the article, the image does not appear to be aligned with the specific content of the news article.
-----------------------------------



-----------------------------------
Md5: 72e903bc3cef9ab7a8c58dc70c58c53c
Image Ok.

Image: 4b60b0c29d69cb786190323f9e03b40c.
-----------------------------------
True
-----------------------------------



-----------------------------------
Md5: 4c79408dae2cd626441d7e253a8838f3
Image Ok.

Image: 3827a1fabbc19adbcdb12a9d4395a11f.
-----------------------------------
True

The image depicts three individuals in a formal meeting setting, which aligns with the news article's mention of European Commissioner for Migration, Home Affairs and Citizenship Dimitris Avramopoulos meeting with Egypt’s president Abd El-Fattah El-Sisi. The news article discusses the topics of illegal migration to Europe and the meetings between European and African leaders, which are events related to the scenario shown in the image. The image does not need to display all the content of the news to be considered aligned; it is sufficient that it captures a specific event mentioned in the news article, which in this case is the meeting between Avramopoulos and El-Sisi.
-----------------------------------



-----------------------------------
Md5: 707ec21e4290e21b7fee4a6f053e28d5
Image Ok.

Image: e1eae166ac21b6509bdd28dded4cc5cd.
-----------------------------------
True

The image shows a meeting between individuals who appear to be dignitaries or government officials. Given the context of the news article, which discusses the celebration of the 20th anniversary of diplomatic relations between South Korea and Egypt, the acceptance of an invitation by Egypt's President Abdel Fattah El-Sisi to visit Seoul, and the comments made by the South Korean Ambassador to Egypt, Chung Kwang-Kyun, regarding bilateral relations and investment, the image is aligned with the news article. The image is consistent with the type of event where such discussions and celebrations would take place, even though it does not provide specific information about the identities of the individuals or the exact nature of the meeting. The content of the image is mentioned in the news article, fulfilling the criteria for alignment.
-----------------------------------



-----------------------------------
Md5: a36b27181bd032582185fbb8e45ba895
Image Ok.

Image: c6de4a264eaeacdf1e99bbd455591e4c.
-----------------------------------
True

The image shows a meeting with the Brazilian flag and what appears to be the flag of the Arab League, aligning with the news article's description of a high-profile Arab delegation visiting Amazonas, Brazil, to discuss trade and investment opportunities. The presence of flags and a meeting setting is consistent with the type of diplomatic and business discussions mentioned in the article.
-----------------------------------



-----------------------------------
Md5: ea08dbd5b08b2a3b054247ada731ae92
Image Ok.

Image: b24ce3c14029ee85550816aeb8ca01fb.
-----------------------------------
True

The image depicts Egyptian President Abdel Fattah El-Sisi, who is mentioned in the news article as having met with Austrian Foreign Minister Sebastian Kurz. The content of the news article discusses the meeting between the two officials and their dialogue on issues such as the rise of militant terrorism and the situation in the Middle East. The image is aligned with the news article as it relates to the specific event of President El-Sisi's involvement in discussions with the Austrian Foreign Minister, which is a central focus of the news article.
-----------------------------------



-----------------------------------
Md5: e15ccc347d46b212de8ec610b3f0ded3
Image Ok.

Image: 10035527c13cf04d4075a98b85254b8d.
-----------------------------------
True
-----------------------------------



-----------------------------------
Md5: 887c85dda8845d32f102da0d5378ab53
Image Ok.

Image: 1cedd3810e049a8843bdca904e441752.
-----------------------------------
True

The image appears to show Egyptian President Abdel Fattah El-Sisi being greeted by officials upon arrival, which aligns with the news article's mention of his arrival in Hungary from Germany. The image is consistent with the type of event described in the news article, even though the specific details of the location or the individuals greeting him are not mentioned in the article. The key information that El-Sisi is arriving and being received, which is depicted in the image, is covered in the news article.
-----------------------------------



-----------------------------------
Md5: 4c28c1c080013f64a82efcbe4cab9347
Image Ok.

Image: 8fe539e4eb8310a336f1d97fba61e5a6.
-----------------------------------
True.

The image depicts a summit setting with banners for COMESA, EAC, and SADC, which are the three regional economic communities mentioned in the news article. The event appears to be a formal gathering, consistent with the description of the tripartite summit where the free trade agreement is to be finalized. The news article provides details about the summit, the parties involved, and the significance of the agreement, all of which align with the setting and context shown in the image.
-----------------------------------



-----------------------------------
Md5: 4a8f44d4449b34d199931e6487165825
Image Ok.

Image: efb4339d1a19206858e3372d1d1803a2.
-----------------------------------
True

The image appears to show Israeli Prime Minister Benjamin Netanyahu speaking, which aligns with the news article's content regarding his statements about the nuclear deal negotiations with Iran. The article discusses Netanyahu's accusations against world powers concerning their concessions to Iran, which is a specific event included in the news article. Therefore, the relationship between the image and the news article is aligned.
-----------------------------------



-----------------------------------
Md5: d1d7d0f0d45bcc26c18e2be3333b253b
Image Ok.

Image: 0ccc94db1ca3e4651237a27b5b95a6aa.
-----------------------------------
True

The image shows an individual, who appears to be a political figure, presenting information that seems to be related to Iran's nuclear capabilities, as indicated by the text on the presentation screen. This aligns with the news article's content, which discusses Prime Minister Binyamin Netanyahu's warnings about the consequences of a nuclear deal with Iran. The specific concerns about Iran's nuclear capabilities and the potential for it to become a major power with a significant nuclear arsenal are topics that are directly related to the image's content. Therefore, the relationship between the image and the news events is aligned.
-----------------------------------



-----------------------------------
Md5: dae25b8225b1d2260428956e235408ee
Image Ok.

Image: c1df8f1598caa6f97450b95db6dc0ab2.
-----------------------------------
True
-----------------------------------



-----------------------------------
Md5: 7b8b856c20fb712cf734d1c87c05f38e
Image Ok.

Image: f4e1b8b44eed321c7758002b190584ec.
-----------------------------------
True

The relationship between the image and the news article is aligned. The image is a cartoon that appears to be a representation of the sentiment expressed by Israeli Prime Minister Benjamin Netanyahu, in which he compares the Islamic State of Iran to ISIS, suggesting it is "like ISIS, just much bigger." This comparison is directly mentioned in the news article, which discusses Netanyahu's comments on the dangers of Iran, particularly in relation to nuclear weapons, and his comparison of Iran to ISIS. The image encapsulates the essence of Netanyahu's argument as described in the news article.
-----------------------------------



-----------------------------------
Md5: 36b3ce7879c7702b0820ca23fce24a4b
Image Ok.

Image: 41ea94a39a6f3feb57f0041c90575402.
-----------------------------------
True

The image shows a man speaking, with the flag of Israel in the background. The news article discusses statements made by Ram Ben Barak, a senior Israeli official, regarding the potential consequences of a nuclear deal with Iran. The content of the news article aligns with the image, as it is reasonable to infer that the individual in the image could be Ram Ben Barak or another Israeli official discussing matters of national security and strategic affairs, which are the subjects of the news article. The specific details in the image are not necessary to establish this alignment, as long as the events covered in the image (an official discussing strategic matters) are included in the news article, which they are.
-----------------------------------



-----------------------------------
Md5: ff70d91dd647a4b3f4b106dfee3e2ce6
Image Ok.

Image: 5651f034f23941282b4fa2705a7045e6.
-----------------------------------
True

The image appears to show Israeli Prime Minister Benjamin Netanyahu, who is mentioned throughout the news article as the central figure in the efforts to prevent Iran from becoming a nuclear weapons power. The news article discusses Netanyahu's statements and actions regarding the potential nuclear deal with Iran, and the image is aligned with the content as it depicts the person who is the focus of the news article.
-----------------------------------



-----------------------------------
Md5: a064dfff09c9ceecc24aac51a8ca22ed
Image Ok.

Image: 3d8c986894229439ed9adcd435b10e4d.
-----------------------------------
True

The image shows Israeli Prime Minister Benjamin Netanyahu speaking, and the flags in the background suggest a formal or diplomatic setting. The news article discusses Netanyahu's strong opposition to the nuclear deal with Iran, his warning that the agreement is a "historic mistake," and his call for Israeli leaders to unite against it. The content of the image is directly related to the events described in the news article, as it likely depicts Netanyahu during a speech or a public statement where he could be voicing his concerns about the nuclear deal. Thus, the relationship between the image and the news article is aligned.
-----------------------------------



-----------------------------------
Md5: 0cb592cf06b538d64ca5e72c37e1a7bb
Image Ok.

Image: 4a913c4d02d9610fbefca569d63acc0b.
-----------------------------------
True
-----------------------------------



-----------------------------------
Md5: 26358c3fd440a3db783c2f8d83879c9d
Image Ok.

Image: 4562ef0f1c96b76c315ca66deb502b99.
-----------------------------------
False
-----------------------------------



-----------------------------------
Md5: 14b0fb50c75337b7d98be8bcf3ee2597
Image Ok.

Image: 7af9d1714fb0d4c741a8912abb3e3b2d.
-----------------------------------
True

The image is aligned with the news article as it depicts Secretary of State John Kerry, who is mentioned throughout the news article as defending the nuclear deal with Iran, discussing the safety of Israel, and addressing the criticisms of the deal. The content of the news article revolves around Kerry's statements and viewpoints, which are directly related to the individual shown in the image.
-----------------------------------



-----------------------------------
Md5: bd97ce3343132ac11db03e34731e57a4
Image Ok.

Image: 521eb3b8d56338689dbfd325a10f2661.
-----------------------------------
True

The relationship between the photo and the news article is aligned. The image shows the Prime Minister of Israel speaking, which corresponds with the news article's mention of the Israeli Prime Minister's condemnation of the nuclear deal with Iran. The article specifically discusses the Israeli Prime Minister's reaction, stating that he called the deal a 'stunning historic mistake' and emphasized that Israel is not bound by the agreement. The image is directly related to the events described in the news article, as it depicts the Israeli Prime Minister during what appears to be a public address or press statement, which aligns with the content of the article discussing his statements on the matter.
-----------------------------------



-----------------------------------
Md5: 18bcc5b12a86ed4ff9c18280c0989206
Image Ok.

Image: e2f523698731bc19acd1128308b4385c.
-----------------------------------
True
-----------------------------------



-----------------------------------
Md5: 6d9168f0171717fa3220fb1f837731ed
Image Ok.

Image: 1936c44331a0f908ab97f84f8d07aa15.
-----------------------------------
True.

The image shows the Israeli Prime Minister speaking at a podium with the AIPAC logo, which is consistent with the news article's focus on the Israeli Prime Minister's opposition to the Iran nuclear deal. The news article discusses Netanyahu's efforts to persuade Congress to reject the deal and his consistent criticism of the agreement, which aligns with the image of him speaking publicly, likely addressing a similar topic given the context of his active engagement with international and American political audiences on this issue.
-----------------------------------



-----------------------------------
Md5: 42f47cfb89528a5043dd3b7d2473890f
Image Ok.

Image: 451ce5d278a98a6d59497321378361e1.
-----------------------------------
True

The image provided is a satellite photo that has annotations indicating a building suspected to contain an explosive chamber used for nuclear weapons-related tests, a stream of water emanating from the building, and items lined up outside the building. This image aligns with the news article's content, which discusses the Parchin military base, Iran's nuclear program, and the concerns over Iran's self-testing and modifications at the site. The news article specifically mentions satellite photos showing modifications to the Parchin site, which is consistent with the type of image provided. Additionally, the news article references IAEA reports on nuclear weapons development at Parchin, which is related to the annotations on the image about suspected nuclear testing activities. Therefore, the image and the news article are aligned in context.
-----------------------------------



-----------------------------------
Md5: 48ce7475d86e9dd41039678caf140dbb
Image Ok.

Image: 9a7b0778b46b3476aadda4575eb0277d.
-----------------------------------
False.

The news article discusses specific concerns about the Iran nuclear deal, particularly relating to inspection protocols, secret side deals, and the ability of Iran to potentially hide nuclear activities from the International Atomic Energy Agency (IAEA). The image, however, depicts a general concept of the "SAFETY OF NUCLEAR POWER PLANTS" and includes symbols for nuclear energy and the IAEA.

The image does not specifically relate to the Iran nuclear deal, the inspection concerns, or the secret side deals mentioned in the news article. It broadly represents nuclear safety and the IAEA's role in it, but it does not align with the detailed content of the news article which is focused on the Iran nuclear agreement and its inspection challenges. Therefore, the relationship between the image and the news article is not aligned based on the provided rules and domain knowledge.
-----------------------------------



-----------------------------------
Md5: 988db27fae43714c269671f28f55d473
Image Ok.

Image: 433695f9b19cc84346b57c5b41fe53fb.
-----------------------------------
True

The image depicts an atomic symbol superimposed on a background that includes the colors of the Iranian flag. This visual representation aligns with the news article's discussion of the Iran Nuclear Deal and its inspection regime. The image symbolizes the core subject of the news article, which is the debate over the nuclear activities of Iran and the international community's efforts to inspect and verify those activities. The summaries provided also directly relate to the content of the image, as they discuss the inspection processes and standards, which are central to the concerns about Iran's nuclear program.
-----------------------------------



-----------------------------------
Md5: 4d81d6996ca6ab17b2b07d601a4cd98a
Image Ok.

Image: 1bdf959d6e388d76bc8819f9c3432b43.
-----------------------------------
True.

The image depicts two individuals shaking hands against a backdrop that includes the text "Press Conference with the AEOI and the Director General." Although the individuals are not identified in the image, the context suggests that the event is related to nuclear discussions or agreements involving the Atomic Energy Organization of Iran (AEOI) and possibly a representative of the International Atomic Energy Agency (IAEA), given the mention of the Director General, which is a title often associated with the head of the IAEA.

The news article discusses Iran's nuclear program, the verification process by the IAEA, and various agreements and discussions related to this topic, including a bilateral agreement between Iran and the IAEA. The handshake in the image can be interpreted as a sign of agreement or cooperation, which aligns with the news article's mention of Iran's cooperation with the IAEA and the signing of agreements.

Therefore, the image is aligned with the news article as it relates to the events described, specifically the cooperation and agreements between Iran and the IAEA regarding the verification of Iran's nuclear program.
-----------------------------------



-----------------------------------
Md5: b10c4c071f46510a8754dd06adea9e9f
Image Ok.

Image: 1467505fbefda2855413fa54e410b39f.
-----------------------------------
False

The image shows an individual speaking in front of a display with the text "Atomic Archive" and "Iran’s Secret Nuclear Files," along with symbols representing nuclear energy and the flag of Iran. The news article discusses Iran's conditions for allowing international inspectors to visit its nuclear facilities, as well as details about the Joint Comprehensive Plan of Action (JCPOA) and the role of the International Atomic Energy Agency (IAEA) in verifying Iran's nuclear program.

The image does not directly correspond to the specific details mentioned in the news article, such as the approval process for inspectors by Iran's Intelligence Ministry, the prohibition of inspectors from countries without diplomatic relations with Tehran, or the introduction of 150 IAEA inspectors. Instead, the image suggests a presentation or revelation about Iran's nuclear activities, possibly secret ones, which is not covered in the news article provided. The article focuses on the legal and diplomatic aspects of the inspection process, not on the content of Iran's nuclear archives or any presentation thereof.

Therefore, the relationship between the image and the news events as described in the article is not aligned.
-----------------------------------



-----------------------------------
Md5: dca1fa1be776a82a8af876f78d507d5c
Image Ok.

Image: b79081aa4249c6979636d1f8521de247.
-----------------------------------
True

The image shows Yukiya Amano, who at the time of the news was the Director-General of the International Atomic Energy Agency (IAEA), in front of the IAEA logo. The news article discusses Iran's threat to harm Amano if he disclosed confidential details of Tehran's nuclear activities to US officials, as well as various aspects of the relationship and agreements between Iran and the IAEA. The image is directly related to the news content, as Amano is the central figure in the events described, and the IAEA is the organization involved in the inspections and discussions with Iran. Therefore, the relationship between the image and the news events is aligned.
-----------------------------------



-----------------------------------
Md5: b08921a69c59dde7af1c98efe2e1fa1d
Image Ok.

Image: daa353ac113ee07b78f4b9cb00dfa22f.
-----------------------------------
True

The image depicts what appears to be a representative or official from Israel speaking at an IAEA (International Atomic Energy Agency) conference. The news article discusses Israel's demand for the publication of undisclosed agreements between Iran and the IAEA, as well as details about the IAEA's arrangements with Iran, including the inspection of military facilities such as the Parchin military complex. Since the image is related to the IAEA and the news article discusses the IAEA's dealings with Iran, which is a topic of concern for Israel, the relationship between the image and the news article is aligned. The specific events covered in the image, namely the involvement of the IAEA and Israel's stance, are included in the news article, thus meeting the criteria for alignment.
-----------------------------------



-----------------------------------
Md5: 94d99e5f77fa56630b0e59e2f8947bff
Image Ok.

Image: adc2143c0579477c700661d61d586f29.
-----------------------------------
True.

The image features a person with the logo of the International Atomic Energy Agency (IAEA) in the background. The news article discusses the IAEA's involvement with Iran's nuclear program and the agreement that allows Iran to inspect its own Parchin nuclear site. The presence of the IAEA logo and the individual, who may be associated with the IAEA, is relevant to the news article's content regarding the IAEA's activities and agreements with Iran. Therefore, the relationship between the image and the news article is aligned.
-----------------------------------



-----------------------------------
Md5: 90aaa7ad9045949a6ee4677cfc8fd108
Image Ok.

Image: 8e7df5a36db351e46d4d87099565f4ee.
-----------------------------------
True
-----------------------------------



-----------------------------------
Md5: 1b32f272493d9343c6b20f3205bd61e0
Image Ok.

Image: a680e622c5effd6e21b9a0dd839572d2.
-----------------------------------
True

The relationship between the photo and the news article is aligned. The image shows the emblem of the International Atomic Energy Agency (IAEA) on a building, which is relevant to the news article discussing the IAEA's role in monitoring Iran's nuclear activities and the funding required for this task. The specific events covered in the image, which is the IAEA's involvement, are included in the news article.
-----------------------------------



-----------------------------------
Md5: 1b840423d6169981aa0ae52ae24d2da3
Image Ok.

Image: efb88b2bec7d19ceaa68280f7a02a81f.
-----------------------------------
True
-----------------------------------



-----------------------------------
Md5: 8bcf568381676a94b5cf43d66393a373
Image Ok.

Image: adc2143c0579477c700661d61d586f29.
-----------------------------------
True

The image shows Yukiya Amano, who is the International Atomic Energy Agency (IAEA) chief mentioned in the news article. The news article discusses Amano's efforts to address concerns about the IAEA's investigation into Iran's nuclear activities and the technical and financial aspects of the investigation. The image is directly related to the news content, as it depicts the individual who is central to the news story and the events described. Therefore, the relationship between the photo and the news events is aligned.
-----------------------------------



-----------------------------------
Md5: 0105545f19473dc6fedc606ed502f053
Image Ok.

Image: c6426c5e5a27548a7c7b0a58bd182525.
-----------------------------------
False
-----------------------------------



-----------------------------------
Md5: a06e8140df48d686a321a8a42fc43dfb
Image Ok.

Image: 7d10a6262f03e9689b6e51492b7424d1.
-----------------------------------
False.

The image provided is a cover page of a report by the Congressional Research Service titled "Iran Nuclear Agreement and U.S. Exit," updated July 20, 2018. The content of the report, as indicated by the title, is likely to discuss the U.S. exit from the Iran nuclear agreement, known as the Joint Comprehensive Plan of Action (JCPOA), and related matters.

The news article discusses concerns about Iran's role in inspecting its own military facility and suspected nuclear site at Parchin, as well as the implications for the IAEA's ability to verify Iran's compliance with non-proliferation undertakings. It also touches on the leaked draft of a side agreement between the IAEA and Iran, and the criticism regarding the inspection process and the confidentiality of the documents involved.

While the news article and the image both relate to Iran's nuclear program and the JCPOA, the image does not specifically depict or relate to the events or concerns mentioned in the news article about the inspection process at Parchin, the leaked draft of the side agreement, or the analysis by Olli Heinonen. Therefore, the relationship between the image and the news article is not aligned based on the content provided.
-----------------------------------



-----------------------------------
Md5: 0cf45c8bd8196873b66dbd50c925899b
Image Ok.

Image: 37894199e6378c5c14542eefa77d57ad.
-----------------------------------
True

The image shows the national flags of Turkmenistan and Japan, which aligns with the news article's content regarding the relationship and talks between Turkmenistan and Japan. The article discusses the meetings and agreements between Turkmenistan's official delegation and Japanese representatives, including the Prime Minister, which is directly related to the two nations represented by the flags in the image.
-----------------------------------



-----------------------------------
Md5: faea7f2ce5d33338dfc8ef3b945d4f0f
Image Ok.

Image: 15843c54f3c08169f6502a79cbfcfb3f.
-----------------------------------
True
-----------------------------------



-----------------------------------
Md5: 7780c2f6cde56c158e74ed153365d415
Image Ok.

Image: 138158b333f13504e7e54625be60a4f2.
-----------------------------------
True

The image shows a group of individuals, likely officials or businessmen, inspecting a lineup of cars. This aligns with the news article, which discusses Iran Khodro's (IKCO) plans to open a car assembly plant in Azerbaijan and mentions the export of cars to Azerbaijan. The image is consistent with the type of event where such discussions and inspections would occur, even though it does not provide specific information about the nationality of the individuals or the brand of the cars. The news article's content about car exports, assembly plans, and investment aligns with the context of the image.
-----------------------------------



-----------------------------------
Md5: a34cd850f0fb3a568c881e0eb35a4034
Image Ok.

Image: 2e1aab0717862ced90856f890d7d766f.
-----------------------------------
True
-----------------------------------



-----------------------------------
Md5: b8033708b32477301ed9781e56f93f41
Image Ok.

Image: 16e53be7769c2c52675823e541634e41.
-----------------------------------
False

The news article discusses the cooperation between Azerbaijan and Iran in various sectors, including the oil and gas industry, investment, and railway projects. However, the image shows two individuals in a formal meeting setting with the flags of Azerbaijan and Israel in the background, indicating a meeting between representatives of Azerbaijan and Israel, not Iran. Since the image does not depict any individuals or symbols related to the events mentioned in the news article about Azerbaijan-Iran cooperation, the relationship between the image and the news article is not aligned.
-----------------------------------



-----------------------------------
Md5: cb041fe57ac6c809e23d8a87893c1c71
Image Ok.

Image: 777f63113223fc89ca7bffbb397cc2e7.
-----------------------------------
True

The image shows two individuals shaking hands, with flags of Azerbaijan and Iran in the background, which is indicative of a diplomatic or official meeting between representatives of the two nations. The news article discusses a meeting between Iran's President Hassan Rouhani and Azerbaijan's official delegation led by the country's economy and industry minister, Shahin Mustafayev, which aligns with the type of event depicted in the image. The content of the news article is about the development of relations between Azerbaijan and Iran, and the image supports this by showing a cordial interaction between officials from both countries. Therefore, the relationship between the image and the news article is aligned.
-----------------------------------



-----------------------------------
Md5: c796df674b4a25531080927b1d9fc871
Image Ok.

Image: 4857a358dc3cd0216505781cece7fca3.
-----------------------------------
True
-----------------------------------



-----------------------------------
Md5: 9d70f9a627c13cfdb0640e12386ce02e
Image Ok.

Image: 2895cd4d9f59d35f286b5faa5cc7d7bc.
-----------------------------------
True.

The image depicts the national outlines and flags of Iran and Azerbaijan, separated by what appears to be barbed wire, which could symbolize barriers or issues between the two nations. The news article discusses the desire to boost trade turnover between Iran's Ardabil Province and Baku, Azerbaijan, and mentions efforts to improve economic ties and cooperation, such as the establishment of a joint trade chamber and addressing visa issues for traders. Despite the barbed wire in the image suggesting potential barriers, the news article speaks to efforts to overcome such barriers and enhance trade relations. Therefore, the image is conceptually aligned with the news article's content regarding the relationship and initiatives between the two regions.
-----------------------------------


true num is 68
false num is 32
null num is 0
precision: 0.68
