nohup: ignoring input
Prompt:
You are a professional news writer.
Please evaluate whether the relationship between images and news aligns based on the following rules and your own domain knowledge:
1. Final evaluation please choose between [Ture, False].
2. The relationship between an image and a news article is aligned meaning that the image's subject matter and depicted event are highly related to the news and the specific event shown in the image is already mentioned in detail in the article's description.

-----------------------------------
Md5: 41fdbcdb86e8ce3057d6998584fdc202
Image Ok.

Image: e97d520507b016a73bfe466484523870.
-----------------------------------
False
-----------------------------------



-----------------------------------
Md5: 7b82771736f6efbbf6acb0b7efc02557
Image Ok.

Image: e7df6c704fb8914ddf358c07975a5e6a.
-----------------------------------
False
-----------------------------------



-----------------------------------
Md5: f56143e27ec1e4a0fe31475245f4a9da
Image Ok.

Image: 99454fea6a17725c58af768b05829677.
-----------------------------------
False
-----------------------------------



-----------------------------------
Md5: 7bf313059ea104c5254c9cf030f84181
Image Ok.

Image: 29372c52244ca2dba5d25aecc5c5a987.
-----------------------------------
False
-----------------------------------



-----------------------------------
Md5: d490a6ed414df91a602810c342aae4b9
Image Ok.

Image: bfaa9351c87fd0d98eb9d888a03b0749.
-----------------------------------
False
-----------------------------------



-----------------------------------
Md5: c0ad131ff5ad84196e57f74e8763335c
Image Ok.

Image: b82dcd17eb05d2baa61e36c6cf333058.
-----------------------------------
False
-----------------------------------



-----------------------------------
Md5: 30372e8ad02c101e80a46f1f20466b32
Image Ok.

Image: 6246d4c5c907366564410993b4dba939.
-----------------------------------
False

The image shows a document with signatures from Joseph R. Biden Jr., President of the United States of America, and Yair Lapid, Prime Minister of the State of Israel, and references a date in July 2022. The news article discusses various aspects of the Israeli-Egyptian peace negotiations, U.S. involvement, and the positions of other regional actors such as Jordan. There is no mention in the news article of the specific event depicted in the image, which seems to be a signed agreement or declaration between the U.S. and Israel. Therefore, the subject matter of the image is not highly related to the news article's content, and the event shown in the image is not mentioned in the article's description.
-----------------------------------



-----------------------------------
Md5: 5b5bc35eb6b9a755ebf29d9e7e199c43
Image Ok.

Image: 12d55f8a713203dc47ddcff261c6a422.
-----------------------------------
False

The image depicts a group of men in what appears to be a formal greeting or meeting scenario, with handshakes being exchanged. Without specific context or identifying markers, it is difficult to determine the exact event or the identities of the individuals in the photo. The news article, on the other hand, discusses statements made by Foreign Minister Moshe Dayan regarding peace talks between Egypt and Israel, direct negotiations, and the role of American mediation. The article is specific about the political and diplomatic stances of Israel and Egypt, as well as the involvement of the United States.

Since the image does not clearly depict the specific events or individuals mentioned in the news article, such as a meeting between Moshe Dayan and Egyptian officials or a direct representation of the peace talks, the relationship between the image and the news article is not aligned based on the criteria provided. The image does not show a detailed event that is mentioned in the article's description.
-----------------------------------



-----------------------------------
Md5: 9b50f725dcff8f4ddf9bd3b938353cb7
Image Ok.

Image: ed7df058eb2dffb806c506eebb830736.
-----------------------------------
False
-----------------------------------



-----------------------------------
Md5: 87b579605bac4f4b0c837ca7592cbdcb
Image Ok.

Image: fe9e06fce2723238ffc4c657998c43e6.
-----------------------------------
False

The image depicts the flags of Israel and the Palestinian territories, which could be relevant to a news article discussing Israeli-Palestinian relations or events involving both entities. However, the news article provided discusses Israeli-Egyptian negotiations over the Taba region, which is a separate issue from the Israeli-Palestinian conflict. The article does not mention the Palestinian territories or any related events. Therefore, the image is not aligned with the specific content of the news article.
-----------------------------------


